======CPU and Memory Information Report on Tue Aug  5 05:07:32 UTC 2025======
CPU Information

Architecture:        x86_64
CPU op-mode(s):      32-bit, 64-bit
Address sizes:       36 bits physical, 48 bits virtual
Byte Order:          Little Endian
CPU(s):              4
On-line CPU(s) list: 0-3
Vendor ID:           GenuineIntel
Model name:          Intel(R) Core(TM) i5-6300U CPU @ 2.40GHz
CPU family:          6
Model:               78
Thread(s) per core:  2
Core(s) per socket:  2
Socket(s):           1
Stepping:            3
CPU(s) scaling MHz:  100%
CPU max MHz:         2501.0000
CPU min MHz:         0.0000
BogoMIPS:            5002.00
Flags:               fpu vme de pse tsc msr pae mce cx8 apic sep mtrr pge mca cmov pat pse36 clflush dts acpi mmx fxsr sse sse2 ss ht tm pbe syscall nx pdpe1gb rdtscp lm pni pclmulqdq dtes64 monitor ds_cpl vmx smx est tm2 ssse3 fma cx16 xtpr pdcm pcid sse4_1 sse4_2 x2apic movbe popcnt tsc_deadline_timer aes xsave osxsave avx f16c rdrand lahf_lm abm 3dnowprefetch fsgsbase tsc_adjust bmi1 hle avx2 smep bmi2 erms invpcid rtm mpx rdseed adx smap clflushopt intel_pt ibrs ibpb stibp ssbd
Virtualization:      VT-x
Hypervisor vendor:   Windows Subsystem for Linux
Virtualization type: container

Memory Info
               total        used        free      shared  buff/cache   available
Mem:           7.7Gi       4.8Gi       2.9Gi        17Mi       223Mi       2.9Gi
Swap:           12Gi       124Mi        12Gi
====== CPU and Memory Information Report on Tue Aug  5 05:10:55 UTC 2025 ======

---- CPU Information ----
Architecture:        x86_64
CPU op-mode(s):      32-bit, 64-bit
Address sizes:       36 bits physical, 48 bits virtual
Byte Order:          Little Endian
CPU(s):              4
On-line CPU(s) list: 0-3
Vendor ID:           GenuineIntel
Model name:          Intel(R) Core(TM) i5-6300U CPU @ 2.40GHz
CPU family:          6
Model:               78
Thread(s) per core:  2
Core(s) per socket:  2
Socket(s):           1
Stepping:            3
CPU(s) scaling MHz:  100%
CPU max MHz:         2501.0000
CPU min MHz:         0.0000
BogoMIPS:            5002.00
Flags:               fpu vme de pse tsc msr pae mce cx8 apic sep mtrr pge mca cmov pat pse36 clflush dts acpi mmx fxsr sse sse2 ss ht tm pbe syscall nx pdpe1gb rdtscp lm pni pclmulqdq dtes64 monitor ds_cpl vmx smx est tm2 ssse3 fma cx16 xtpr pdcm pcid sse4_1 sse4_2 x2apic movbe popcnt tsc_deadline_timer aes xsave osxsave avx f16c rdrand lahf_lm abm 3dnowprefetch fsgsbase tsc_adjust bmi1 hle avx2 smep bmi2 erms invpcid rtm mpx rdseed adx smap clflushopt intel_pt ibrs ibpb stibp ssbd
Virtualization:      VT-x
Hypervisor vendor:   Windows Subsystem for Linux
Virtualization type: container

---- Memory Information ----
               total        used        free      shared  buff/cache   available
Mem:           7.7Gi       4.9Gi       2.8Gi        17Mi       223Mi       2.8Gi
Swap:           12Gi       124Mi        12Gi

========================== END ==========================

